<?xml version="1.0" encoding="UTF-8" ?>
<testsuite errors="0" failures="0" hostname="Anupam" name="test.SuiteRunner" skipped="0" tests="3" time="35.021" timestamp="2016-03-06T19:30:45">
  <properties>
[...]
</properties>
  <testcase classname="test.LoginTest" name="loginTest" time="11.527" />
  <testcase classname="test.NavigateProspect" name="navigateToProspect" time="2.413" />
  <testcase classname="test.CreateProspectList" name="createPospectList[0]" time="21.034" />
  <system-out><![CDATA[Collecting data
Test Name -- Prospect
total rows -- 2
total cols -- 8
java.io.FileInputStream@13b1f1b
Before Success
After Success
]]></system-out>
  <system-err><![CDATA[]]></system-err>
</testsuite>
